GROUP,PACKAGE,CLASS,INSTRUCTION_MISSED,INSTRUCTION_COVERED,BRANCH_MISSED,BRANCH_COVERED,LINE_MISSED,LINE_COVERED,COMPLEXITY_MISSED,COMPLEXITY_COVERED,METHOD_MISSED,METHOD_COVERED
infxnity,com.ben12.infxnity.control.text,MaskBuilder.LiteralMaskCharacter,0,22,0,2,0,7,0,6,0,5
infxnity,com.ben12.infxnity.control.text,MaskTextFilter,23,426,8,50,4,85,9,32,1,11
infxnity,com.ben12.infxnity.control.text,MaskBuilder,40,283,4,44,8,36,12,50,8,30
infxnity,com.ben12.infxnity.control.text,MaskBuilder.DefaultMaskCharacter,0,37,0,0,0,11,0,6,0,6
infxnity,com.ben12.infxnity.control.text,MaskTextFilter.new ChangeListener() {...},0,49,3,9,0,7,3,5,0,2
