GROUP,PACKAGE,CLASS,INSTRUCTION_MISSED,INSTRUCTION_COVERED,BRANCH_MISSED,BRANCH_COVERED,LINE_MISSED,LINE_COVERED,COMPLEXITY_MISSED,COMPLEXITY_COVERED,METHOD_MISSED,METHOD_COVERED
infxnity,com.ben12.infxnity.control.text,MaskBuilder.LiteralMaskCharacter,1,21,1,1,0,7,1,5,0,5
infxnity,com.ben12.infxnity.control.text,MaskTextFilter,107,342,19,39,17,72,16,25,2,10
infxnity,com.ben12.infxnity.control.text,MaskBuilder,40,283,5,43,8,36,13,49,8,30
infxnity,com.ben12.infxnity.control.text,MaskBuilder.DefaultMaskCharacter,0,37,0,0,0,11,0,6,0,6
infxnity,com.ben12.infxnity.control.text,MaskTextFilter.new ChangeListener() {...},0,49,3,9,0,7,3,5,0,2
